<?xml version="1.0" encoding="UTF-8"?>
<testsuite name="io.buchida.BuchidaTest" tests="19" skipped="0" failures="0" errors="0" timestamp="2026-03-31T02:19:47.398Z" hostname="Lees-MacBook-Pro.local" time="0.159">
  <properties/>
  <testcase name="test401ThrowsAuthenticationException()" classname="io.buchida.BuchidaTest" time="0.125"/>
  <testcase name="testDomainsCreate()" classname="io.buchida.BuchidaTest" time="0.004"/>
  <testcase name="testEmailsGet()" classname="io.buchida.BuchidaTest" time="0.002"/>
  <testcase name="testApiKeysCreate()" classname="io.buchida.BuchidaTest" time="0.001"/>
  <testcase name="testApiKeysDelete()" classname="io.buchida.BuchidaTest" time="0.002"/>
  <testcase name="testMetricsGet()" classname="io.buchida.BuchidaTest" time="0.002"/>
  <testcase name="testDomainsVerify()" classname="io.buchida.BuchidaTest" time="0.002"/>
  <testcase name="testDomainsList()" classname="io.buchida.BuchidaTest" time="0.002"/>
  <testcase name="testTemplatesGet()" classname="io.buchida.BuchidaTest" time="0.002"/>
  <testcase name="test429ThrowsRateLimitException()" classname="io.buchida.BuchidaTest" time="0.002"/>
  <testcase name="testWebhooksCreate()" classname="io.buchida.BuchidaTest" time="0.001"/>
  <testcase name="testEmailsCancel()" classname="io.buchida.BuchidaTest" time="0.002"/>
  <testcase name="testEmailsSendBatch()" classname="io.buchida.BuchidaTest" time="0.002"/>
  <testcase name="testEmailsList()" classname="io.buchida.BuchidaTest" time="0.001"/>
  <testcase name="testEmailsSend()" classname="io.buchida.BuchidaTest" time="0.002"/>
  <testcase name="test500ThrowsBuchidaException()" classname="io.buchida.BuchidaTest" time="0.002"/>
  <testcase name="testInitializesServices()" classname="io.buchida.BuchidaTest" time="0.0"/>
  <testcase name="testRequiresApiKey()" classname="io.buchida.BuchidaTest" time="0.0"/>
  <testcase name="testTemplatesList()" classname="io.buchida.BuchidaTest" time="0.002"/>
  <system-out><![CDATA[]]></system-out>
  <system-err><![CDATA[]]></system-err>
</testsuite>
